[RUN #0 3 100]
249 154 906
538 -159 -14
-654 588 -297
537 -680 -858
-293 909 -312
475 -837 -781
997 842 -207
-165 -7 -501
-532 -936 242
-460 -730 -895
-367 837 -710
-307 -527 408
-823 74 54
-641 -327 43
-56 -924 385
-39 -826 -23
747 -725 -496
259 643 -78
920 128 758
690 -529 785
-988 -332 500
410 662 -590
326 900 -431
-723 633 -903
-729 756 885
-753 -826 808
984 -4 743
632 -754 -471
-521 -492 627
-490 -992 567
-682 968 -137
180 -686 -503
-367 -269 -526
645 61 -118
[RUN #1 3 100]
-227 -361 -461
353 -927 404
-747 395 -886
-327 267 -749
-939 924 130
886 -489 245
562 -547 -464
66 386 991
653 57 209
-59 135 448
265 294 -670
966 769 789
-473 197 844
-817 -222 -117
-481 -170 -231
-755 -494 -305
-676 -424 -509
979 -317 917
224 727 -592
221 236 423
719 -467 226
-448 446 422
-878 817 292
-735 897 776
-835 877 766
-678 722 119
-83 -558 279
-362 133 -689
-550 -409 -744
122 -240 -885
847 -241 969
855 -183 -508
-765 -837 539
-316 -649 306
230 485 -832
-931 555 -813
387 87 232
-613 -837 775
-858 267 97
-738 462 96
-585 846 42
482 -306 -631
4 -997 810
-710 -516 -377
-218 -192 701
406 -254 -458
89 -94 -280
-39 -514 -881
-403 -862 46
9 578 612
842 335 370
146 963 -408
968 -877 4
510 619 744
837 131 122
[RUN #2 3 100]
948 -298 -399
-292 -753 -914
84 -523 244
-847 975 -238
-866 -302 -73
-97 826 230
14 25 567
-714 249 -731
-720 -110 -873
-408 -468 844
704 -356 888
[RUN #3 3 100]
984 -633 914
811 -188 736
575 411 -636
863 -44 -265
-694 -224 347
142 509 820
-386 775 381
815 -28 -438
-582 -84 -395
866 379 -98
-765 416 642
369 -897 -861
-129 621 -462
780 107 987
512 438 352
976 -637 -738
471 657 739
-84 -208 -67
[RUN #4 3 100]
-538 427 -603
629 156 -268
665 626 -783
-314 -803 571
-85 -608 -448
926 984 223
82 97 -834
16 -653 -802
493 -171 706
-523 -426 781
356 350 547
-488 -658 -590
-261 727 338
833 653 -885
-738 225 672
520 787 -602
849 674 870
[RUN #5 3 100]
-322 483 -195
-222 -194 -244
857 -397 -814
-682 -693 -857
-390 -359 -412
-870 467 -658
460 -633 -123
-936 676 -489
-386 334 473
761 754 926
-708 -627 811
205 29 177
41 802 212
260 -420 844
-594 936 -501
-571 251 -498
995 194 -260
467 -481 887
112 547 323
-254 -714 -658
76 -145 605
245 66 -403
-131 216 -512
985 -742 -129
-627 -617 -724
175 915 830
142 559 361
363 486 -659
905 129 -998
-938 125 531
-643 850 -249
22 64 511
-425 735 -790
321 721 860
689 93 44
223 636 -685
-958 158 -548
-559 693 164
946 -213 -22
717 -954 -552
-943 -614 -752
-432 330 404
838 -904 877
982 437 46
-633 -126 653
-181 525 124
528 -290 -779
-235 -436 329
322 611 -313
-938 -767 784
-463 806 82
-352 -801 -324
595 -937 116
822 -310 -506
-861 435 -332
150 181 -387
849 193 -489
-364 112 469
201 848 -837
-493 427 -916
-424 653 -119
-204 -174 229
624 318 68
249 114 -210
366 -257 -621
210 -381 195
728 0 225
[RUN #6 3 100]
-780 694 -717
960 726 309
113 641 190
737 -259 -743
-718 590 523
-691 -369 -364
5 724 -992
298 284 998
704 -732 249
856 292 608
72 226 -347
658 686 -117
-12 213 603
-556 -846 -224
173 92 -61
328 256 -318
538 88 251
723 -193 -970
552 345 -50
362 -226 363
520 929 346
387 100 831
878 273 848
-660 981 453
429 -559 852
34 -364 -921
572 -565 49
538 -690 585
867 901 859
785 -126 26
-198 864 196
482 -41 -295
259 683 475
724 -275 -740
576 822 319
614 779 730
138 874 -176
830 398 -364
-615 708 421
387 744 917
445 -713 898
634 -979 -696
164 262 912
-683 240 943
793 866 652
370 566 700
-609 536 -624
-989 572 520
137 501 560
115 876 -707
448 -233 -346
-780 -770 -375
871 -643 879
-967 -918 -465
62 -731 -517
170 118 194
326 -563 315
499 101 73
-31 280 220
205 -868 133
-559 983 931
-984 -716 -563
350 882 0
-987 -2 248
-557 29 759
157 70 -237
-995 556 549
837 667 -289
647 166 -379
-571 861 630
14 -308 -159
120 622 873
660 -147 186
-18 789 -494
-715 -399 -304
893 871 186
828 616 534
40 320 474
-433 512 429
-485 508 -86
-288 -546 762
939 747 867
556 194 -288
119 -853 -111
-574 259 -300
-123 848 206
-566 -809 558
-297 43 197
-941 27 136
-836 -216 438
-540 -4 633
-821 -229 668
-903 360 940
-540 311 44
-338 364 154
367 -571 -567
-837 -389 -424
700 514 -509
303 933 264
826 -370 -338
[RUN #7 3 1000]
610 166 21
-965 -711 -672
-162 -771 -221
12 -551 -389
482 376 -986
-309 -798 -797
-306 620 236
-241 -834 982
901 -499 364
805 -400 403
195 573 -278
-881 -55 868
574 -485 -496
697 -66 591
182 -116 162
-48 301 566
-866 -68 782
217 -945 -729
-439 297 -959
-822 71 98
-733 -952 722
-465 993 -796
-810 242 783
-272 -166 732
365 -962 -513
742 673 397
555 -949 -137
-29 15 -89
-482 -461 -905
108 228 -756
257 -520 100
508 70 -14
-677 -792 -887
666 -32 -24
[RUN #8 3 1000]
901 -967 -249
-483 245 -64
905 -794 -247
-307 -263 819
-869 -505 212
479 -50 875
247 581 190
439 317 -540
-777 -913 169
971 742 93
-949 -449 26
77 -921 -88
-558 -478 686
-366 -248 -765
-836 400 -895
273 -68 -772
-484 -513 -940
289 969 860
681 -437 -379
155 -736 -757
-925 821 -293
906 -768 -257
90 815 -609
-504 674 -956
870 902 -505
333 628 -333
952 -596 -18
809 972 -922
766 -95 -559
-714 -754 582
-642 -330 651
-664 889 -435
-813 17 -187
-90 833 758
756 550 439
-217 169 -162
46 255 -624
647 888 451
17 -158 -556
813 246 -911
-785 418 -211
-740 570 -127
222 -991 -635
58 -390 341
608 -241 347
955 717 -597
-741 716 420
-364 -161 559
222 51 -505
475 -16 395
-228 110 490
592 772 -100
-734 168 94
427 -155 -733
309 886 -991
-334 -213 -262
701 -105 69
580 236 931
50 -813 808
288 -575 -601
604 953 352
266 -141 -445
454 -776 131
-11 -208 -782
547 -438 -617
166 291 586
127 -902 613
-975 -487 975
-413 -943 -77
-821 90 -750
-649 512 544
-377 -927 602
521 -45 -956
358 -191 -81
257 980 959
484 728 -937
-647 -903 697
271 -413 -242
403 768 -689
505 73 -464
-23 -556 -984
-164 -808 801
29 229 -85
871 980 966
717 529 -527
-622 989 -597
-693 664 -784
-757 551 54
-728 469 -79
-306 804 755
17 707 207
758 -824 -912
1 16 -716
194 -271 951
-585 570 421
-46 580 -460
924 631 -326
905 387 -918
-125 -987 -75
-409 -94 -585
-977 943 38
-438 512 -32
-770 -50 -941
-90 -746 -749
-764 672 -823
26 -960 838
665 136 -640
-730 -192 779
316 196 791
-58 721 -723
-559 912 15
-407 987 174
227 249 -467
438 -815 841
-117 -507 -198
-431 137 -72
141 -809 -664
774 907 1
-349 -412 365
-913 -445 -808
-14 -437 979
252 -62 -912
-758 -370 -67
-919 915 676
-154 -980 -878
-709 -139 -93
-651 -385 -416
116 -815 828
-997 -74 429
429 -388 312
-45 -946 379
-828 797 747
180 -17 -292
687 -276 320
-676 805 -943
-930 -381 -985
945 418 498
-97 -967 32
-41 -298 554
-38 160 312
-230 -877 725
-712 526 -52
26 489 -29
-617 586 78
-645 845 531
-142 372 -3
767 300 -822
[RUN #9 3 10]
385 432 -272
263 693 383
-670 -577 692
293 784 809
-368 222 632
265 -523 -823
-267 748 264
196 604 -647
82 -71 -998
182 -744 188
[RUN #10 5 10]
-458 -853 447 -18 -894
-739 456 211 205 746
213 226 -444 65 621
-554 -766 -141 -116 389
993 -540 -814 -291 -62
785 -121 990 981 422
791 508 49 -281 149
601 66 -802 -455 654
-947 695 619 963 -847
-965 153 724 -388 136
[RUN #11 5 10]
228 -79 -490 -611 722
866 107 -366 -704 889
-234 -275 -344 -576 266
-553 -399 473 795 -692
695 -917 -798 53 654
92 284 -729 -353 -433
-570 -834 -190 52 478
-639 514 -648 30 849
-636 -308 -434 -2 19
-351 860 139 710 901
[RUN #12 5 10]
568 -907 -533 -831 970
650 729 -753 711 493
345 59 55 -457 50
554 846 787 -12 225
664 -969 -59 612 691
-21 -749 150 -133 940
-417 177 473 -875 374
268 -398 967 47 841
-959 -952 867 781 347
673 -450 -162 -573 1
[RUN #13 5 10]
-343 219 -843 721 -534
139 471 -506 240 215
630 -850 908 597 295
-534 401 807 936 -884
255 -117 846 -334 -653
-588 835 -779 -215 -995
955 -523 -11 243 -555
702 -475 -603 -734 -897
974 -349 -327 282 -6
213 632 -399 -528 -641
[RUN #14 5 10]
851 -282 -915 -94 645
-811 -661 235 -971 679
-703 36 -772 -488 -981
-122 707 49 209 455
79 -186 608 -253 -101
-821 -862 -386 -92 775
449 -57 -631 -511 338
833 350 -998 -31 68
-146 -463 330 -774 -533
-324 594 -433 244 -868
[RUN #15 5 10]
336 539 838 442 783
929 -984 -967 234 -141
-876 22 -659 868 -413
-955 293 -798 -196 -113
510 -26 -904 -656 643
794 -92 170 -996 670
187 905 179 401 -919
-538 -520 -806 -986 -319
88 309 -125 783 -321
-956 993 313 582 45
[RUN #16 4 5]
991 291 -424 -824
771 -396 -853 40
241 129 -292 327
-475 -824 -952 -706
610 -857 739 -599
[RUN #17 4 5]
-453 872 -878 309
567 320 390 -222
-207 161 -619 -728
-575 948 61 -34
-928 88 -959 -757
[RUN #18 4 5]
319 946 -409 639
709 805 -397 -639
696 -191 458 -165
440 -401 -731 -233
995 -303 -147 947
[RUN #19 5 10]
-16 101 579 209 -47
-304 -313 -895 -541 618
-905 82 -204 715 576
-476 -586 -408 -886 -687
-739 -656 384 -256 565
-798 117 -731 40 285
-380 -576 -562 637 -674
771 -88 300 -765 -865
-919 73 -932 -38 -670
-544 786 -518 121 992
[RUN #20 4 5]
333 939 578 560
27 877 428 -470
-329 -969 981 940
-44 856 213 749
723 -869 -489 234
[RUN #21 3 100]
973 -52 -353
444 436 -233
-880 -673 -525
-652 -845 -539
177 -918 -234
767 -584 209
-163 628 655
-336 903 403
-815 347 -478
135 49 10
208 -21 432
248 153 -253
-298 -365 899
-561 -454 382
-338 901 529
120 289 -659
-293 -402 640
-666 836 659
-886 -227 -652
993 -819 276
-183 582 -242
-692 -230 971
804 356 625
391 -909 -297
-610 903 556
-447 174 263
-205 -279 -109
-930 921 345
-289 421 -459
-534 -672 440
314 -535 -447
-544 695 -699
-860 -445 -753
-539 -987 144
268 850 -734
-782 749 -349
749 -624 -296
-861 727 -46
482 -83 488
577 957 247
583 -168 -812
-29 -489 102
131 811 869
560 -677 868
780 139 170
-913 -476 -462
-571 932 531
[RUN #22 3 100]
668 -810 651
-84 -951 474
743 985 -955
161 696 -888
19 -142 807
-764 -553 611
593 -729 -880
70 -408 444
-365 -257 906
149 -839 197
-101 660 548
-710 -762 -247
516 -640 -110
-482 926 -118
-564 -469 -152
-612 -922 397
146 523 935
-860 -916 845
-515 835 -392
-130 -597 305
838 413 519
114 688 74
516 668 -105
-916 -840 -603
214 -538 497
-434 339 318
-455 -66 20
-245 440 304
737 -146 -341
190 472 -411
237 408 -389
430 -495 -824
692 711 163
-989 448 229
975 -412 -260
456 -827 205
-956 106 461
854 -824 -505
676 716 95
365 -544 972
158 -422 753
440 925 -350
-684 896 -477
205 413 -589
-78 -632 -91
-49 -462 -807
-954 -439 -365
-58 -821 296
-361 -623 -529
98 -483 928
-852 259 -589
718 -344 -563
-83 143 562
-665 -242 465
-334 -953 -929
-653 936 2
36 149 -917
-453 -836 100
-760 756 988
-187 961 534
950 158 88
558 -75 -528
-307 -676 514
-770 -128 987
-254 -435 -640
-139 -600 -370
770 -625 -475
-525 -495 -599
-507 420 -161
-7 -698 -182
631 403 -720
-701 -765 -346
-902 -268 567
45 545 -241
876 -692 527
-673 -491 -335
230 704 927
221 183 227
129 -67 -870
570 529 495
156 852 -835
-554 -89 -637
797 -571 -37
253 -781 -923
-477 572 -945
-257 595 611
816 376 -464
606 281 -99
-116 617 76
26 212 825
821 385 -437
287 115 392
-296 641 479
-211 -782 -947
-795 681 -51
620 -844 181
-747 -264 -131
-704 928 498
771 -690 941
-145 -427 -631
[RUN #23 3 5]
592 678 352
173 657 330
804 522 933
-859 -835 695
477 -848 -22
[RUN #24 3 5]
764 534 -632
70 -524 966
719 150 932
94 575 48
182 -449 -813
[RUN #25 3 100]
115 -793 -991
101 -514 -601
-802 687 676
693 116 25
-600 404 -159
637 429 606
305 819 -811
795 -458 -315
359 721 793
906 51 330
-96 -647 858
834 294 -65
373 301 -656
830 -838 -320
205 683 -263
-787 -134 592
225 -620 505
-209 44 -743
465 189 363
474 -407 340
167 628 -893
-709 934 -151
-553 117 -252
-190 593 -796
-614 245 -375
-663 -512 362
-537 199 -952
-48 169 -81
319 -860 709
12 -475 121
-687 59 188
592 -577 173
-617 957 100
-871 311 380
985 21 229
111 -189 -281
-323 -330 -922
145 -143 -371
-784 967 471
648 -9 -867
197 811 -176
-438 126 148
650 734 498
261 190 -409
952 -422 -662
470 491 -474
-923 869 -220
-944 563 85
-7 655 684
415 -35 993
-73 -355 859
163 -915 40
-874 614 26
-917 -95 -935
-870 -892 627
992 251 -785
-700 -147 212
-917 -381 309
-993 -64 167
97 -745 -394
-604 413 95
169 479 -253
-18 -70 -342
-36 314 -659
77 -53 -974
271 -948 -931
-792 45 510
188 -137 -745
-492 765 836
263 -11 98
-515 -139 -313
624 318 -629
453 455 -122
-637 131 451
-207 -206 428
-190 -740 673
21 -258 -440
-758 450 404
-171 357 -69
-616 -560 31
47 -617 674
-844 85 -990
1 -469 -598
-213 -860 -796
159 -102 715
-992 701 -832
230 710 860
-606 197 -929
882 493 -902
333 42 825
333 -240 75
644 723 -894
20 -290 -441
-353 -844 644
144 -113 135
-482 -565 445
-577 534 -582
-585 -954 427
-799 -929 557
111 -740 -427
[RUN #26 4 5]
-703 746 -702 543
855 -42 -916 663
-848 -76 993 438
561 889 -635 -525
595 175 836 -284
[RUN #27 4 5]
-776 122 -116 65
-200 -889 496 -556
827 -432 -106 720
-775 -930 -234 -488
405 -787 -77 -164
[RUN #28 4 5]
-117 626 984 145
194 -571 -815 310
-220 112 -551 -938
825 -151 -985 -92
108 916 -319 522
[RUN #29 3 100]
-341 -699 -846
57 784 502
31 -982 -726
-23 -529 476
-41 103 960
29 -121 850
-868 930 825
620 7 838
-549 743 442
490 -697 209
-718 -219 521
-886 607 -756
-26 -82 510
858 321 -756
-929 -404 752
821 -537 192
534 926 -864
-189 927 781
105 -589 -329
566 365 -350
-275 -614 902
-272 -97 837
-162 577 11
472 -498 -747
-75 574 -578
-418 -863 -687
343 -228 -930
-242 -574 957
80 849 119
617 434 -929
-113 767 -188
-558 -673 332
-538 -273 -443
-49 135 333
557 -742 -830
-195 389 570
115 -163 220
-610 764 105
-886 -577 81
-496 -448 -155
198 -920 -972
-944 488 -603
72 -57 -283
938 397 -86
-406 -465 36
280 -513 787
-242 197 960
-25 825 -876
158 -208 -968
-370 259 951
851 383 -655
853 230 -60
-346 -611 600
930 -819 -315
939 -305 276
352 805 -489
653 628 -556
89 -862 358
-425 594 651
-675 306 357
708 467 -743
-518 -854 841
25 470 667
-867 -998 -722
813 -164 450
-401 733 -859
862 -509 364
452 360 692
-279 -820 765
-465 227 -923
-665 -655 744
-216 -205 634
830 381 -423
353 658 202
-350 -91 20
350 943 948
-436 -371 603
286 -6 -58
-931 -33 -372
-88 -276 -989
137 344 940
-468 1 561
542 395 478
779 643 77
-903 -226 286
-493 235 430
-654 -314 216
-968 343 -609
432 303 -121
526 78 -907
332 -654 -424
241 -769 330
-414 -573 260
521 167 674
668 -247 395
-604 868 281
-75 354 556
13 -585 -924
948 -183 195
148 -163 824
[RUN #30 4 16]
-397 -959 888 -949
884 -268 -199 669
-19 4 -991 -680
419 377 303 -7
-176 178 -45 599
-264 751 530 33
-462 -540 -684 360
-178 -145 -447 627
861 -65 -952 811
7 -845 236 464
-986 -96 96 -592
566 -713 -184 -581
590 -877 574 595
-444 -898 -619 -102
57 589 331 -355
358 461 374 -56
[RUN #31 4 16]
-193 -246 597 976
-330 -218 77 776
435 -675 -15 866
297 -801 -388 965
-277 -783 -294 90
-657 400 -719 -180
-551 979 -707 166
-559 618 886 -936
454 -656 -328 -633
498 606 225 289
-338 224 -53 -36
633 -33 717 102
-2 109 628 648
-584 -5 -440 988
-368 639 344 506
-182 -821 -400 867
[RUN #32 5 10]
221 -305 728 -48 584
-628 712 -145 -311 990
499 707 -140 65 919
-812 -186 963 -949 692
56 982 -528 -961 231
18 638 -241 -610 -21
-199 -273 -369 -137 366
865 332 -854 766 -694
260 939 -66 -935 -299
-332 -952 105 -43 185
[RUN #33 5 10]
251 89 -864 -753 -908
668 -787 878 -522 -686
-443 -608 180 279 -213
-59 100 -2 781 23
998 -584 48 -562 442
-471 -17 -909 578 -830
-122 299 802 -863 -949
292 -856 -763 -32 755
235 -473 458 234 258
-226 845 695 885 405
[RUN #34 4 10]
530 -438 511 439
135 -986 -936 -944
14 -527 327 255
642 862 -330 699
387 220 -943 934
-5 -809 742 36
987 865 262 -827
917 -779 936 -423
148 -289 428 461
630 795 -810 265
[RUN #35 3 100]
-248 -670 -819
166 -128 -270
501 -578 -44
-638 -257 -880
447 325 615
-847 -957 -48
-839 218 163
185 -829 -322
-163 888 336
177 -373 701
902 -600 112
-4 -461 646
-895 42 870
-241 757 315
-70 -614 39
-585 784 -421
-284 633 101
408 -962 138
-979 -385 871
864 727 -853
-908 -391 769
-782 -801 -489
-945 786 -747
873 328 -109
-726 856 929
-396 113 708
454 -876 -5
296 -808 427
330 805 -59
-172 484 -42
753 295 703
840 -473 736
923 -827 -864
941 -704 377
-976 -555 -470
908 -103 714
332 777 -436
-143 -477 -145
381 -97 -934
624 -314 -257
980 -997 -269
241 897 -430
-904 -420 -557
987 895 -441
-772 234 -506
-274 -565 237
833 58 -971
-856 -440 -736
69 712 865
-376 229 371
170 571 -596
385 -635 -456
-1000 -26 385
602 659 756
-436 651 -687
-210 160 -946
-488 -292 -208
-835 -155 -686
-921 531 623
-367 179 914
-109 -649 313
-683 10 -469
-222 513 -575
637 -586 -266
-897 -126 -943
-213 -50 124
-932 -29 -101
-876 -257 -821
834 -571 953
-148 259 27
494 -200 621
-85 -283 342
83 782 -5
510 576 981
814 -720 907
-553 139 -147
-967 49 709
241 155 719
-146 577 480
-734 323 -329
-339 -574 785
-693 408 -17
-542 684 509
457 -875 -329
88 -116 935
-995 -336 -717
361 -477 189
-242 -714 -595
84 -978 -612
775 -630 -153
341 691 668
-997 -310 -733
-562 -806 302
66 -92 -253
-168 -129 -619
-745 -789 -741
313 351 89
513 341 487
701 -277 485
501 -429 -356
[RUN #36 3 100]
947 -859 -601
-430 499 -255
-465 -781 782
412 -239 748
-156 113 56
420 -386 -757
-227 -831 -816
-280 781 -535
908 974 15
445 142 -662
810 -848 514
-837 -306 834
-445 518 -694
-324 -890 -390
-38 -983 90
774 -782 -759
973 -725 425
-967 -891 267
762 936 -899
235 518 -328
798 -214 -501
[RUN #37 3 100]
-913 -897 887
-515 873 -744
-790 -821 -787
224 -572 451
723 -17 953
563 818 913
780 -318 304
-267 124 -81
516 -980 -791
-782 713 -391
-279 446 456
981 -708 125
993 -877 -122
-696 43 -533
-982 -319 -425
-813 -986 -250
636 -858 -1
15 -339 958
45 192 -266
184 710 431
845 -165 -423
996 972 491
-27 -43 410
368 -764 211
515 682 953
-118 519 345
-307 -924 395
-409 391 -986
592 -625 -751
-662 -854 109
651 520 597
-932 -191 5
462 -407 989
-361 -164 610
-431 122 -611
-223 -970 818
-333 -929 170
-590 -583 -263
-635 -700 -414
-967 -613 942
-591 678 679
634 211 -120
991 166 716
-866 166 -722
-325 1 -992
786 670 425
991 345 566
-776 -373 -717
79 638 360
-290 -63 -404
-824 855 -45
813 136 -820
534 -362 -514
691 -111 -458
-411 547 749
-179 866 -669
268 -923 -743
584 -634 -989
363 237 993
274 -789 -842
-128 -283 -739
-931 825 -872
-615 -328 338
-755 623 -798
-341 220 -489
836 -702 -387
664 7 186
-499 -614 -716
276 255 -645
839 -273 582
494 -96 685
226 -72 -438
-954 -255 19
734 -515 -48
102 -244 -142
865 341 734
546 635 -275
-520 346 -830
505 896 -221
194 -270 445
407 40 451
682 -948 -328
-341 483 170
-923 -477 -571
-324 183 162
-557 667 147
-749 279 -706
-371 -294 806
87 -837 -365
960 650 -652
-717 -768 -678
526 642 -412
-459 330 678
63 984 -81
-47 -416 -337
-297 551 932
-292 849 -994
-282 168 -280
-275 -235 982
-765 -985 235
[RUN #38 3 100]
-458 -266 197
-709 -639 508
-43 -339 633
4 142 -389
-477 680 -998
-579 820 -749
-566 263 217
118 -371 793
-155 -490 484
-509 -145 -644
300 -994 535
394 -838 -375
256 692 360
-249 629 -2
-184 -700 239
-708 -416 244
-101 212 -699
8 787 -852
621 715 839
-460 -158 -791
-459 234 -505
842 12 -559
-800 -572 -885
-609 208 722
48 -132 -421
-860 -85 -345
656 -133 432
-600 -851 554
185 805 -471
-297 -481 -502
-856 -489 -155
-729 720 -65
-527 444 708
772 -100 -21
638 -333 804
-651 -259 -519
760 -400 453
946 -278 -464
908 -535 -629
544 -629 434
-421 -92 756
-733 126 250
834 -836 553
-41 485 491
667 912 -459
181 335 655
197 -696 880
-187 261 -626
-161 152 138
272 307 313
-654 -960 91
123 368 411
664 -112 324
-125 545 -1000
168 -657 -992
657 -210 923
601 908 -383
-648 -956 838
-566 -764 218
-199 -813 -189
924 744 -224
81 -741 -242
522 -739 156
-664 829 803
-192 928 661
-490 965 -182
437 -982 -785
35 -207 -882
819 -693 -370
-164 -923 -1
386 193 171
-986 -906 669
-872 -566 -66
44 803 -95
781 -220 -69
-394 -797 793
-705 -135 230
-937 699 -86
858 684 422
128 -645 48
-227 -128 -509
570 -499 923
-951 680 -580
722 -189 -828
302 215 -109
-218 87 -430
-867 -642 -960
-543 -102 -140
-412 739 9
-871 691 332
-703 920 -26
66 -281 -262
-180 229 -906
-948 -30 -375
-549 685 -449
-438 439 -72
115 -18 801
-336 -248 -587
-575 -113 -818
375 397 764
[RUN #39 3 100]
516 -207 -226
-719 -298 278
-834 75 572
-543 -393 507
-247 -933 820
-988 687 695
-868 795 -721
552 210 -119
-427 -843 944
-643 -433 -636
-658 982 24
-651 491 216
11 -889 390
-604 -317 -88
-753 103 262
-282 937 -133
-509 644 -507
-595 -239 880
-199 147 -876
717 565 -808
-765 -940 428
-618 332 712
84 314 589
696 254 414
-12 -879 228
985 342 -765
459 -699 443
-726 509 118
157 -687 -629
133 -841 -806
690 -293 -821
428 343 64
-83 12 -468
-663 -324 -969
295 711 -587
123 -687 445
-682 -255 -387
-496 -111 -247
-492 -355 -489
-482 -887 -532
-762 -837 289
550 667 50
773 -16 459
603 25 -82
611 -46 -676
-514 -498 438
62 -922 533
-693 -829 284
-580 433 -186
920 -802 -42
-627 -223 591
487 -507 387
-838 -525 382
409 -836 -303
-477 328 126
-530 -712 -183
-345 -158 407
-362 -381 975
-246 -230 -384
-642 189 845
785 -110 -441
666 -952 646
-549 -629 -901
-968 528 321
419 848 -464
253 -79 -765
542 122 989
-368 132 690
272 510 -519
-994 761 767
-305 -31 -955
-119 782 -200
-892 785 -527
490 -120 801
771 543 -310
449 -669 670
671 902 176
-597 952 838
-319 538 309
670 460 -945
587 -759 -500
-523 111 -765
-964 211 892
-440 -6 -868
-89 -667 30
-658 838 -402
-523 -294 -637
886 186 -994
-370 -63 -513
516 111 98
834 -839 -91
-510 40 -903
13 293 668
526 511 -323
577 705 223
705 695 -607
-946 -622 -117
-598 967 455
-193 -183 282
629 72 267
[RUN #40 3 100]
-751 694 -452
-532 279 -403
-506 719 -780
924 -952 86
-862 773 -533
720 -999 -687
135 -455 914
-775 801 202
-488 -764 803
-114 627 525
616 572 285
623 -440 823
-786 -797 716
-553 780 -37
61 -554 -170
993 540 374
-87 -279 -889
-593 -267 638
662 -648 824
-110 -709 -958
-214 220 -644
478 186 42
-82 -673 -657
396 218 -606
931 -60 596
534 -112 347
-6 855 963
-424 409 -44
109 -725 -826
-500 -181 713
538 -396 671
540 -730 201
-292 -759 214
238 -494 24
-639 -55 -436
708 -323 -50
-411 -196 -672
6 -833 -448
-290 897 424
-561 645 198
-875 37 -836
904 370 788
-679 -226 850
652 -499 882
-480 -435 753
293 669 -41
-164 991 255
-688 -20 -390
549 530 654
-210 -143 -207
-891 -899 799
-831 461 -783
-682 -762 -813
260 -762 608
986 -338 -441
-590 525 305
-189 -884 -101
[RUN #41 3 100]
-619 427 651
254 -67 -572
894 485 306
-642 81 20
-102 -850 -52
635 765 -693
-11 296 294
-344 416 998
-714 -358 352
-630 175 624
-51 -86 888
-416 -75 -329
182 -13 -844
-463 259 340
-836 66 -913
-151 722 718
-816 -38 -710
959 -744 692
-750 -553 876
-381 827 453
-584 -476 78
895 -752 -736
541 -845 214
539 -996 343
453 526 567
-101 -347 -846
-599 -739 -717
291 661 651
-538 922 830
-447 -52 818
-575 -921 184
-222 -497 838
348 -165 383
-958 725 918
905 376 -323
-977 -729 243
3 -80 -227
121 101 -984
-800 -532 185
-294 977 -290
975 59 574
-1 913 -646
-435 -681 139
264 -233 274
898 669 331
30 923 151
164 242 829
473 -648 -573
-900 -194 -133
28 -558 8
-32 -897 497
239 378 801
-890 -920 956
-38 260 -241
-610 -414 210
79 141 -874
-419 300 847
-785 -86 -756
583 550 -626
921 578 622
-241 620 -399
-468 587 -659
-195 125 711
-458 362 -386
33 767 -1000
13 -353 883
-56 259 -922
-394 -421 -620
677 -722 -706
-34 -506 -327
277 -847 -490
-699 -615 133
207 -954 -662
-702 864 839
154 -403 896
-195 -193 576
-917 475 -464
959 778 330
818 -114 -684
54 583 250
-692 -63 -133
642 -878 620
-746 123 275
668 -49 -902
214 885 649
-825 -338 638
984 723 146
124 729 -542
-129 -385 634
-254 641 24
441 -546 359
780 -303 307
-954 278 634
289 391 -655
-993 -131 187
-681 -384 255
-525 -425 616
-420 59 -407
721 781 920
-785 -581 835
[RUN #42 3 100]
26 -634 -842
-208 -603 251
-5 -193 190
-855 154 6
-671 -229 111
736 974 409
-174 -658 127
-869 856 -517
-38 -59 -759
721 -71 409
758 -332 276
827 -533 752
899 645 -792
-795 -306 994
22 -276 -141
-258 660 886
-654 315 -981
151 392 997
546 -819 932
-783 -954 -203
-384 757 -104
-340 264 -478
34 933 556
-248 -558 -23
-150 -89 -552
-532 -726 499
549 601 -750
550 -633 571
824 -270 805
336 997 673
-187 -170 232
379 -383 466
-841 716 450
955 -935 28
-389 -534 -229
-558 -41 43
0 -432 -346
-7 -73 -148
252 878 -94
483 122 788
368 -494 62
645 -682 326
295 -352 -32
389 -537 -458
945 -623 -792
-452 891 -906
-488 -889 -714
333 220 -169
76 -415 652
-584 -803 459
62 -846 53
724 -137 -657
-643 -546 934
141 15 -587
-944 276 -175
238 191 -48
-309 915 -278
-415 717 -571
-508 670 -468
-720 999 -981
-191 988 202
-715 728 -173
-786 -356 -794
-17 -818 6
-120 964 545
-269 887 992
665 -281 -680
423 964 -954
69 45 954
-612 -191 -592
-165 -446 -18
-731 -537 -413
917 -538 727
519 261 506
515 -311 989
237 225 31
-647 -670 -703
43 597 -885
-368 -296 912
18 562 398
354 516 795
-497 -358 480
-441 386 -98
634 -769 -260
621 652 -617
155 864 -482
838 218 99
-408 878 -889
16 -329 -188
-671 -807 -161
503 185 721
251 244 -979
693 417 -301
-711 -297 500
-961 -925 215
137 -106 12
586 -690 -850
-960 761 -950
-139 -334 575
262 -771 26
[RUN #43 3 100]
342 -266 -93
759 -291 627
583 -943 -93
-965 135 380
-752 -809 -246
-647 -443 -615
53 -354 -490
-189 685 33
-798 736 -942
-46 -148 -911
881 -780 -80
466 15 -940
-782 -731 945
-93 -783 821
435 817 -106
-241 135 733
8 -188 319
115 -168 948
618 -618 715
-871 -877 492
254 28 -777
297 -210 658
-345 -969 -620
-555 -246 -770
92 -84 181
-956 93 -602
-881 241 -372
-3 28 104
-809 -745 987
-629 -273 2
-847 -361 -995
172 -523 198
623 -69 -476
-813 -309 804
-84 253 418
-958 -298 -625
529 491 -528
-757 -841 810
619 -937 283
838 702 908
-555 665 19
-23 848 220
-272 909 -687
-546 -40 933
-931 -790 149
-897 559 -995
-335 -370 983
-576 721 782
711 741 -700
333 2 637
-826 -653 -116
-448 -617 -680
952 -639 -132
-151 -195 -665
-768 -421 89
-855 209 215
-433 -285 130
333 92 -770
-602 760 659
-130 -868 928
-48 -91 -627
389 -97 320
-500 691 -265
686 -533 767
660 207 -746
908 -230 -377
788 120 -861
509 -4 184
-225 -91 80
434 -789 490
162 -680 -125
-849 -366 658
32 -183 -25
620 -744 215
-209 932 64
-458 -261 -442
607 299 87
347 22 -536
514 747 383
-809 -731 -59
663 -703 -942
276 -511 -836
639 -931 560
114 -769 -959
-676 730 9
104 -94 -456
839 -304 -530
558 266 195
-750 -824 94
-612 -867 738
397 520 -764
-42 356 790
-736 140 -244
647 877 -766
-671 -742 -390
-980 -525 -976
815 -394 -274
-439 -217 -121
179 617 76
-589 786 706
[RUN #44 3 100]
310 -312 971
852 15 455
-856 -759 812
570 -578 374
-934 -823 524
-762 160 312
551 966 392
-135 -890 260
-298 -492 -708
-882 -461 -881
204 -101 21
-272 565 -598
-622 548 -507
-546 736 -862
923 352 -502
661 416 196
-929 991 -872
-903 892 -185
-897 361 298
379 818 684
235 -414 -906
272 -392 -187
-264 -80 702
508 -626 -855
-962 -946 497
465 961 -630
-787 896 -588
-438 -923 396
-692 414 -285
251 713 24
-114 488 286
-593 -568 -157
-683 52 -705
840 -42 662
-104 526 374
406 696 -292
-275 939 -365
285 852 133
142 244 -310
-489 818 578
31 268 -639
508 313 201
156 -323 755
675 471 -905
14 576 571
-200 -736 -928
200 247 -53
-64 632 215
68 736 -92
-757 -408 -406
-18 -707 -708
447 727 -800
342 560 938
-699 89 -742
-658 -481 365
-615 -315 -180
752 609 558
734 -553 57
-986 49 -336
-852 -167 -658
-183 525 -338
-713 622 -536
631 -127 -983
34 25 -849
718 925 309
-610 602 -491
112 -895 326
-199 -531 -333
860 656 -853
-413 -491 -461
538 -816 -502
69 -669 68
669 -865 -926
574 -328 192
753 197 945
909 -167 131
-315 -771 529
-26 405 541
535 -631 -648
965 -876 270
307 185 918
-77 -195 -451
[RUN #45 3 100]
-683 -593 -478
-383 -243 153
-126 -659 -157
610 -62 826
952 74 -645
954 -593 368
-715 -968 17
57 -603 -745
-785 -742 -120
139 -946 791
-163 -542 -141
461 703 378
277 517 321
535 -791 -909
-843 732 -699
187 -203 -241
-365 824 398
252 -511 242
-259 908 -862
346 -228 -443
-139 950 -792
-957 -491 -614
920 -328 217
267 126 778
-959 -425 -964
-540 -454 -823
-398 -638 -989
303 -328 -64
960 -163 -326
855 -275 748
-774 516 418
922 -171 -991
29 839 306
855 978 493
707 -941 -514
-753 -383 -480
526 -349 -583
-915 -335 -772
356 -853 -880
-108 552 -144
912 528 735
999 -28 700
607 -361 858
-173 887 -949
-576 681 -133
51 -193 -187
652 -148 81
586 290 -242
437 742 -268
228 -278 592
-846 -49 -85
-672 -593 -206
124 -671 687
558 924 -405
-146 -615 146
-12 495 -408
862 -727 518
67 -442 950
-669 -200 -396
-406 577 -937
-116 852 186
-749 -875 7
974 985 -872
431 -316 -188
612 -823 168
-420 662 -31
360 -195 174
-686 -524 792
-512 44 587
-137 -491 426
-243 -278 -121
517 530 -117
305 212 688
98 -840 234
928 223 -176
426 -931 745
-16 516 -358
-781 -895 -111
-584 96 38
-7 810 -175
-322 -605 755
-353 11 971
-277 419 -383
-288 1 -544
-214 904 -359
-850 213 -345
-339 452 -81
315 10 -531
888 785 287
812 410 408
-948 964 232
-577 983 -931
-913 -833 320
192 861 328
937 724 -620
611 362 214
-920 446 834
-528 -994 -13
96 -351 723
-943 579 106
[RUN #46 3 100]
-439 666 462
114 849 -825
-248 -695 -153
-214 -878 510
-654 586 -52
223 -215 655
927 -466 61
-190 -235 -98
-362 -827 450
-690 203 346
909 -416 20
-597 669 1
637 172 284
-728 353 -924
-88 -248 -861
671 330 300
268 474 -80
-835 -208 -723
695 67 -704
-819 -703 -866
-450 675 543
-951 -652 967
210 -748 792
348 292 446
99 -482 6
872 431 737
445 -140 -615
-694 227 143
-751 -728 447
-508 671 -779
219 -345 69
-191 761 597
848 -887 372
968 -859 -531
-631 -334 629
-203 -661 -563
207 -710 612
-327 -975 -849
741 316 694
936 -388 721
-279 -820 -708
261 -620 -267
635 719 -930
965 930 -582
846 633 443
368 -296 287
-727 811 556
987 -181 -418
-984 30 -75
-893 629 309
572 863 -502
-967 -899 789
297 523 -185
-759 -996 -283
-140 424 -692
355 -380 482
-208 -799 608
129 174 -89
743 522 168
-668 488 172
[RUN #47 3 100]
-169 -966 -40
562 481 114
-737 -758 3
-157 -33 -946
151 411 119
-328 -283 839
833 -18 36
654 938 878
-23 -544 11
928 -75 394
-489 -712 -845
641 361 910
628 299 -423
259 279 -993
-755 526 566
497 1 730
-928 644 -429
-604 -678 962
-288 -143 -619
-675 353 -508
965 -512 -600
356 669 -933
-855 478 241
810 860 -369
575 -271 -308
172 123 -891
-67 -427 926
-940 550 -69
-1 152 565
738 892 -91
-255 -654 431
-453 8 454
933 -271 -363
-310 -639 895
669 -913 -687
71 910 -658
834 960 630
767 154 357
-553 257 -266
-150 735 577
-646 77 982
-492 -288 707
21 -956 -169
602 -320 -845
-16 -401 880
-997 -786 -49
539 338 90
-964 561 -404
716 226 -718
-20 -744 -90
-999 552 -586
-290 -743 -23
50 -221 174
690 -5 737
-243 -798 -775
312 -84 -468
786 315 536
-170 -648 808
-462 -101 -905
-550 578 -696
24 -12 555
434 89 579
-213 210 735
-774 -754 27
-510 -445 -474
586 280 503
778 -892 -224
-896 810 474
-195 115 57
165 -563 556
485 368 -795
-62 189 -671
328 893 -140
708 937 -806
-9 -436 97
-884 -288 -249
675 -664 -670
-698 -827 585
-427 -954 -370
-441 -882 562
604 760 -657
-565 -1 143
340 -845 899
-20 -193 -192
-808 285 -615
-624 263 742
-499 815 770
-269 -156 -801
-86 -181 -744
-177 -331 -496
364 -420 340
-463 -9 872
736 -212 333
799 426 118
684 -518 251
195 644 -784
215 973 -933
754 -298 791
-582 -280 -948
341 286 -749
[RUN #48 3 10]
345 893 -422
550 -53 191
443 791 -593
-439 -104 -575
-966 672 226
204 -585 352
-627 -595 -515
-429 481 -18
231 893 -411
-593 -980 728
[RUN #49 3 10]
219 889 -446
-63 -639 -380
353 -689 -209
-249 619 386
744 -308 736
346 -536 -506
-730 -386 715
689 422 -657
531 833 684
706 940 -923
[RUN #50 4 5]
794 -482 -181 699
-412 -181 -120 270
707 -196 378 401
-117 -210 -496 670
-49 396 441 798
[RUN #51 4 10]
-375 412 -816 489
654 802 548 -902
-212 -298 -514 -846
-912 917 683 540
516 -590 -232 -549
105 -999 744 -177
872 -24 -124 343
10 203 -965 -683
649 950 637 -802
-960 -541 -132 113
[RUN #52 4 10]
248 947 -464 678
657 709 -335 23
-206 804 983 -287
-522 -125 -788 -120
-611 -219 -560 346
-695 -323 900 904
-866 -215 358 778
824 580 89 -348
734 24 -777 -225
823 -195 -626 -524
[RUN #53 4 10]
752 -506 -922 -425
-135 -735 -413 -615
-404 -168 -922 -653
-509 -666 408 -24
744 62 -470 154
977 -148 -526 423
39 665 -722 536
374 -641 -722 218
-72 674 -716 -152
-889 302 -858 -899
[RUN #54 4 5]
937 -76 -524 -86
-191 -806 -500 -766
202 133 369 731
514 284 477 755
387 856 -483 -308
[RUN #55 4 10]
26 719 -344 -68
-200 -697 -525 860
198 882 -664 -993
77 -303 489 493
-440 -260 763 183
56 -654 648 -694
919 644 -171 -956
-12 -893 799 113
468 878 -416 291
533 25 960 4
[RUN #56 4 10]
954 316 319 166
-613 -206 915 -878
63 -15 -716 -349
686 31 -136 -573
103 -954 209 -531
107 89 -715 -187
372 -244 223 207
-728 -699 228 -170
478 -512 -50 -45
-329 659 25 -332
[RUN #57 4 10]
419 -443 -74 148
-202 610 -164 306
420 25 178 697
421 -699 -420 893
735 224 939 846
-596 415 -318 347
926 831 -508 -166
-682 608 -161 -482
-648 -992 -553 -43
137 566 -609 -932
[RUN #58 3 10]
547 -771 998
-31 182 402
-213 26 181
-497 -392 -289
946 55 872
502 17 245
-574 417 -139
790 996 592
267 -613 -653
-994 -910 -972
[RUN #59 3 100]
-747 655 -907
683 300 -866
879 570 907
955 77 731
-806 -570 447
415 564 738
551 762 275
686 -908 -730
385 -269 -229
458 701 892
-342 -691 586
420 -398 895
796 -585 290
462 917 435
-443 -550 -882
-520 -306 -368
51 382 -346
775 -146 -317
343 110 911
607 -750 23
519 -634 -747
971 -526 -436
806 266 -676
234 81 -174
-401 772 -377
-389 -531 409
-576 327 -548
-279 875 -251
-812 891 -833
583 -667 -435
-541 -343 345
376 -24 -237
-106 -707 740
209 -501 268
321 -577 176
343 -204 -243
41 -114 -919
-223 -755 -48
402 -272 834
-532 -630 -476
-626 -229 141
-400 -227 617
-785 -577 -681
799 -364 48
-714 885 749
265 608 -85
748 -82 970
735 320 -732
352 272 616
185 -779 333
828 -193 -707
732 870 923
-564 -57 697
638 -981 -877
13 -858 683
-102 794 -807
-552 -593 76
-671 112 -329
-666 -957 692
92 -215 132
118 496 -163
673 251 -947
-978 -849 -781
798 -385 -955
916 -974 -622
-253 -351 -909
851 -176 -840
-801 79 -862
-879 233 -962
-925 478 -720
-908 -771 -191
609 331 -13
344 -324 665
974 168 764
-959 -220 957
30 549 -490
417 879 572
-454 881 999
-735 663 486
-459 -416 36
-488 159 -440
90 -683 -293
-486 -489 447
442 -871 -352
-319 752 -840
-382 213 465
-597 834 -902
645 199 482
116 -277 179
349 578 909
-149 -845 946
319 137 396
812 454 -157
350 -818 -271
-90 222 -363
141 -183 -218
-96 -358 490
-949 33 -522
-832 885 -343
-450 77 -341
[RUN #60 4 100]
587 -975 -89 616
220 -976 -505 891
-953 -546 377 94
568 40 113 -188
860 -130 -147 -957
-209 128 -642 -261
-903 -84 254 60
-54 95 -600 618
-968 601 -237 994
-999 -521 891 477
-789 383 -992 -931
82 -732 42 -785
563 -680 972 336
266 -81 -553 -383
50 -186 864 -163
-838 -899 -72 -101
225 -369 151 -806
564 -741 711 640
978 -224 748 -26
-393 -635 -97 -655
321 -796 139 -922
823 900 906 -231
-169 -203 392 463
-45 624 22 -443
462 -212 -654 -194
893 -294 -936 697
-759 597 449 -937
995 996 889 -523
497 117 839 707
308 -861 345 598
195 15 -502 -895
798 851 -697 -810
-135 261 646 107
653 126 -283 998
-834 -113 48 823
235 -308 -95 -377
86 -127 -543 -128
113 -693 98 -467
910 362 -462 -58
-225 597 -392 787
573 -369 923 22
-912 -385 -16 341
-887 -976 -111 390
540 -978 -295 -424
-378 -192 823 392
-567 -86 -623 666
354 571 -371 -586
918 -230 -813 -984
170 508 -885 -660
289 17 305 -755
373 -617 687 -507
995 -854 -717 -297
-589 -465 100 -20
606 451 -466 -226
-540 509 -413 -253
-918 -840 -250 -722
-17 378 -636 702
120 -39 991 -275
652 616 -434 -395
-853 415 477 -191
-411 -527 -859 438
-679 882 450 -132
-179 -258 -114 809
686 724 -126 718
-901 -910 -331 -200
338 -329 648 347
195 -595 -509 254
84 -195 593 174
-654 229 -517 500
682 -63 119 19
-626 -129 987 149
7 466 -257 -410
106 -388 -436 39
462 -530 -798 589
-153 -642 800 -345
980 464 419 -802
-889 -558 -389 -203
347 -109 -515 -612
-90 -826 767 697
-234 -495 -67 139
-650 381 -44 -232
-435 -210 319 -95
-281 -525 -761 6
-585 -497 886 -145
140 479 80 -705
-214 211 748 -959
-290 261 -638 291
-453 767 318 -790
228 565 51 154
-176 -964 -180 136
-331 719 600 185
854 382 176 218
819 -904 -439 -564
-197 -272 236 -278
-697 257 960 -115
723 487 -39 -493
-499 -209 -729 -912
721 293 -644 -313
151 489 936 -190
25 105 380 306
[RUN #61 5 100]
925 830 804 -231 -59
199 -289 -939 -961 449
-113 -437 -939 -57 379
205 -103 309 -334 -780
258 -314 -826 -764 -725
769 -113 107 -916 735
-551 -594 253 -448 -271
679 571 -678 -700 855
-807 944 724 -898 -888
272 -162 290 -309 -553
618 -576 326 -956 -977
-583 -249 967 -441 220
-185 525 -898 -845 -389
784 -658 562 543 649
875 393 392 -848 672
-834 -674 -513 -613 441
-108 605 547 709 -87
-798 328 519 279 231
761 688 -636 161 508
446 -378 -921 409 710
-966 384 -609 -174 -626
-264 206 914 507 -85
984 891 759 89 508
-839 702 -409 -954 -976
206 -698 522 592 179
297 333 -122 671 58
-755 884 -967 330 -127
891 -847 -684 -398 721
-546 250 114 -679 -878
-207 -503 617 -191 -256
-914 -734 -993 -246 387
779 -239 338 -884 -748
-887 966 -970 -10 -464
424 -539 -844 618 -15
962 -360 215 478 370
287 955 -293 -622 380
815 377 -574 208 -722
629 -952 555 291 -590
634 -289 -148 -823 -970
727 -564 -841 811 -362
397 467 252 -729 162
641 330 -684 498 -519
-180 5 -750 740 -612
-346 -655 -617 62 617
296 -440 137 547 -690
-298 664 245 753 65
-268 -332 177 -307 -159
-924 161 415 -286 -3
-572 246 972 -625 637
-128 -270 -104 -125 -373
-782 -119 -124 468 659
-397 -979 851 321 -576
-311 806 -765 250 605
-467 -391 519 -654 -286
656 -174 -246 -245 307
-875 -761 -818 585 -785
934 332 -140 47 615
-341 -224 656 -726 539
838 -819 -908 808 645
-378 -900 163 -354 412
161 -402 -371 -13 -999
-790 632 -261 -34 -541
-929 -812 287 -845 423
-478 -897 -632 967 -549
838 -694 510 312 -100
-199 -258 791 -121 -391
-549 -33 584 -787 -167
529 -578 -418 91 900
-182 321 -507 -189 -667
235 -503 -862 204 -406
-862 856 462 -98 685
151 -133 856 -782 594
-964 528 -664 171 768
-467 -65 108 -456 -924
140 95 842 768 609
-214 752 -912 958 -836
375 -136 692 112 -481
-118 378 -114 -278 -315
-904 490 564 -328 888
-48 -125 -802 844 277
-862 -424 593 61 -596
-680 690 542 -806 987
885 -817 32 -241 337
-422 796 970 -357 -39
548 -136 -189 -809 -824
-243 613 611 -867 734
-683 -362 925 907 912
-154 -198 664 131 -381
360 -768 528 578 959
259 174 698 976 -383
972 0 882 998 -52
-44 631 -213 386 -907
232 -160 831 501 -706
-94 -549 82 -811 646
-711 22 854 -201 130
-14 -21 872 -254 378
-673 -271 619 509 -838
-621 103 934 50 -778
-636 253 85 749 918
-199 -509 926 696 -849
[RUN #62 5 100]
-160 618 202 287 920
-887 653 -532 -84 -412
982 463 380 -763 182
810 -532 603 -361 740
252 942 -275 -902 194
571 281 993 -9 -433
-374 68 -777 -688 -187
927 -129 478 955 186
372 689 -504 588 895
-351 348 911 460 -992
-526 246 616 311 675
712 120 -764 896 399
-274 -37 721 -933 -7
-563 494 51 859 800
352 288 611 -780 -484
-601 512 844 -90 -316
523 -204 292 -748 -45
-681 -683 -29 -530 879
-889 -503 873 787 807
-179 -420 -455 662 -578
-881 679 42 -576 161
994 344 -170 414 -859
307 674 267 505 -372
-247 -429 -746 -179 -466
-830 -19 -133 -784 -44
978 -740 -629 127 -20
-223 -485 -282 370 -831
449 330 874 -192 205
-523 501 -886 -387 -672
-492 8 159 -142 444
164 605 420 966 -455
297 892 42 -142 -425
602 -931 440 -177 292
195 515 -47 517 520
-521 -863 279 -466 63
-746 -681 -453 814 94
599 3 823 671 635
972 -844 15 195 572
817 912 32 -387 -425
824 -338 277 -547 755
69 -999 -152 322 -546
369 -633 -403 705 39
-518 -895 855 -296 -912
-722 587 263 95 380
-408 929 -123 -783 295
-20 879 -491 471 -938
-677 129 139 -884 -724
-953 969 570 481 -350
-816 -719 -529 -207 -962
567 -95 -705 -289 795
-464 -519 966 92 -520
494 -537 992 396 935
930 -471 842 -49 -741
997 350 -106 390 339
285 832 -388 316 -18
-165 341 800 -49 -721
754 47 25 -905 -369
-65 874 285 592 208
-863 602 -965 714 8
-983 375 791 933 -468
-646 151 606 111 -553
206 -450 -933 874 -179
450 -257 -680 969 72
364 717 -616 -930 893
-60 0 420 -981 -884
516 -483 -875 935 -516
-216 996 -523 -168 -949
-22 575 341 612 615
74 -407 -540 -90 495
671 -738 -614 168 -475
-662 -364 -324 -361 -188
378 -972 490 18 312
763 -970 -340 -483 789
-128 132 926 303 76
-300 164 340 -62 -767
803 -781 -484 867 877
-509 -911 779 410 820
616 -250 903 343 921
718 135 -141 -594 436
857 71 -136 -134 -899
-707 735 581 707 575
536 471 632 628 802
-627 -288 617 955 -822
739 380 -251 156 847
19 521 -469 950 -520
-126 -315 974 559 165
-450 -895 -717 -293 969
-310 57 708 503 -76
829 -611 -625 498 292
-82 -216 -276 -954 -606
-869 136 956 -117 -352
621 612 -532 -974 423
550 -809 103 -479 -994
550 -839 624 738 -877
733 511 887 402 993
294 905 169 -150 235
597 413 82 530 -384
555 -472 -742 -794 -902
-584 -395 535 855 133
-606 -959 106 37 408
[RUN #63 4 100]
-264 -287 80 -350
-693 676 -690 -283
-357 -763 -107 251
-272 -932 -340 -433
-200 -578 755 -912
524 300 -292 -921
358 589 -972 549
236 -8 161 75
-320 -563 -9 572
-318 -55 -295 -120
630 -414 -456 -534
-635 271 -138 -603
-164 -719 -282 878
265 -511 -887 406
-173 -166 133 754
-759 257 -359 619
471 -80 -919 245
-813 -484 -579 -348
301 796 907 -654
14 -691 68 351
963 447 207 624
481 -107 937 -763
-434 223 437 456
-476 -506 773 -793
492 905 851 -853
428 793 -924 715
-308 -196 848 -224
396 -567 93 -397
847 -805 986 658
-811 467 -617 -172
-790 437 702 934
135 362 77 -680
-811 879 724 -682
68 650 -632 -735
-868 -810 84 -152
-653 -243 318 80
736 363 -531 -766
-946 -172 -564 -873
37 -753 -570 634
-719 -239 -733 62
357 56 43 999
-897 -973 -867 -567
124 -964 -689 7
790 379 -105 320
563 -987 -556 -414
-887 -650 -678 -19
230 -687 931 628
-797 -814 -688 939
39 -780 -173 -833
-568 172 -846 -866
166 -255 912 -440
-286 237 -897 -782
885 356 -300 344
227 -24 511 -901
-605 -156 -688 747
-400 -76 393 -489
744 -988 448 -289
835 856 -901 -982
61 -241 -789 -295
100 -50 -993 -762
311 206 561 195
-959 724 29 -330
580 -166 -803 -51
-410 912 -367 407
394 -220 608 -203
802 -365 860 609
423 -117 632 213
-366 264 196 900
233 890 372 -685
745 -681 -383 501
726 17 -316 -502
707 -985 -860 -851
-342 414 -733 -548
-919 -535 767 342
-167 -998 543 -951
343 358 38 -187
-275 -9 483 -399
240 245 199 -1
208 180 -581 878
-599 460 830 434
480 767 565 -683
583 -626 97 521
-443 -47 -381 -440
-972 594 -927 768
644 309 -307 -546
-243 318 -995 786
-921 237 -644 -293
-607 861 267 -473
-404 -846 -628 738
-146 269 795 280
-188 -455 180 -886
74 -813 -743 -461
-564 9 591 -219
940 -780 -79 331
-935 772 -224 149
-417 171 -127 -533
-805 948 565 -609
-169 -756 281 453
316 -279 665 -56
-405 -737 687 -826
[RUN #64 4 100]
-18 604 -387 -935
-824 -162 -124 735
958 -256 -972 250
-250 -268 508 419
305 -832 -444 -813
44 -505 874 -765
78 -159 407 -873
884 385 -820 65
868 -486 711 838
-86 530 -818 -433
-406 185 496 -516
-612 587 -507 369
805 -955 -172 558
97 868 813 -42
448 560 839 222
723 846 329 339
-974 -496 675 -938
-733 -58 45 -539
154 83 655 -324
650 -994 -998 -611
-388 -345 80 592
-327 88 -238 510
38 -888 -156 -904
707 152 -357 -84
609 518 596 -724
-317 319 -186 -322
354 -561 262 166
-278 -866 -915 316
-40 6 787 633
-160 -455 -693 -892
428 -671 313 -378
100 401 -503 -575
297 -331 484 948
868 195 318 125
408 -728 -923 -483
-170 53 602 732
689 -742 -140 -511
-499 -318 993 957
-913 -216 -298 -834
313 -521 759 218
917 -595 398 -165
857 349 -167 486
325 586 491 784
-29 228 -439 808
3 -426 -678 -207
-752 -974 -977 -681
-772 -176 885 725
69 12 688 404
-691 326 -846 595
284 473 -242 -552
-912 -975 350 -303
314 -589 -906 -604
582 -810 706 853
-636 -464 -892 -327
-581 -255 929 111
-322 308 92 -392
951 28 495 -405
-96 -635 254 424
225 921 450 901
942 -207 -312 -969
255 -898 311 74
-435 989 -681 -637
-81 -324 213 593
-694 570 884 599
842 -715 -162 -920
-485 -733 -180 301
-215 987 -167 -844
-890 -681 37 -662
-373 147 828 -814
-11 -669 859 -53
849 -951 -590 973
79 375 135 -37
-664 -117 831 311
-212 728 -585 -432
-558 609 -383 -888
-275 -718 655 184
794 -45 -134 862
420 785 96 331
290 -47 -495 -163
239 -25 -910 -656
-740 -885 -758 -309
476 -110 -983 451
744 828 895 782
-195 -729 -346 -258
-453 -193 880 910
396 -946 489 -190
-373 -223 57 -765
-307 -228 -769 -21
-681 -306 -133 -565
100 278 231 -10
-129 -247 -213 707
-94 -387 -90 -449
-194 -382 734 275
914 90 -941 -331
-108 -460 933 -94
723 -312 721 -412
-895 535 494 -98
-112 501 31 838
-672 597 101 548
829 -257 40 -306
[RUN #65 5 100]
-656 -294 490 -819 994
-191 783 -125 282 -477
964 547 663 199 616
466 -456 874 -377 -672
869 -823 916 333 -313
-457 -274 -187 -877 -571
964 815 -155 -103 -629
-220 -875 225 -513 -764
-811 -719 -209 43 704
633 285 531 -530 45
799 -859 -754 -162 -296
482 -416 724 350 -990
412 -943 28 287 423
840 501 -427 -458 -283
167 244 -857 -497 666
-591 -459 -972 -770 -92
-607 -124 -493 -102 775
-859 837 272 -312 -741
498 414 -450 -90 36
139 758 -928 -982 939
-803 -271 132 -392 -565
153 218 -879 862 -48
-930 616 212 150 955
57 -111 -740 -292 765
-604 859 -773 180 -556
960 550 827 -340 -668
-746 250 409 778 -445
392 -946 188 -961 -138
-842 -933 -990 868 181
-705 -189 -788 156 996
590 -775 -589 -923 627
242 665 -800 146 -415
-17 -5 507 693 -813
66 -992 942 -42 595
243 -309 -366 452 -815
-240 844 -282 -915 920
-940 761 -715 -339 729
177 241 254 -48 737
363 -141 982 -459 367
-491 349 -56 84 -148
-649 -291 -937 -551 -511
995 946 71 -833 -483
309 219 -516 -836 624
-485 -782 549 -127 -929
-351 530 311 95 729
-517 -451 -741 594 -615
415 -745 285 -312 436
-600 -644 978 -796 -985
495 887 980 367 616
-471 -661 608 910 -591
-673 244 -595 345 -131
-394 -91 563 -120 -633
-995 -261 87 721 -883
355 939 -971 -549 728
644 -226 166 -989 37
428 849 472 -662 -610
-969 823 -146 -993 -518
291 -935 -209 837 -740
847 266 185 835 923
806 570 53 176 635
972 -564 -327 951 406
158 -388 474 -533 689
-844 672 689 270 -219
855 -919 903 -917 199
284 165 372 991 -21
908 13 481 611 965
-933 170 -961 191 3
257 878 485 362 -542
-238 -449 -743 -174 991
-218 580 -927 191 -911
-112 -482 7 115 -430
670 675 881 -752 -567
-80 -916 -333 -745 715
892 -533 -798 329 -721
363 802 577 -424 629
856 624 494 -819 123
243 -423 -120 -164 -178
943 -8 -875 434 -818
-637 35 173 575 615
-587 470 -84 809 -204
131 -3 -945 -771 -108
621 -73 -927 712 344
-153 878 411 -376 -380
-867 -678 205 562 612
-101 -421 518 389 -552
167 298 155 -744 691
-474 -436 -95 418 -797
-880 929 -868 -37 157
-58 -705 -813 868 -39
-772 -598 609 -689 570
-307 92 -214 340 101
-125 -123 650 -962 728
619 -387 16 -179 478
532 -862 144 -384 -733
-452 -15 288 -26 893
-311 103 -432 -680 917
5 598 -61 -733 85
946 193 761 -256 -32
-402 -240 -613 712 -363
216 893 805 992 -690
[RUN #66 3 100]
629 -706 -701
-940 -113 -781
522 -134 -930
282 -284 351
804 236 -716
965 898 -185
276 46 36
563 815 687
-599 822 -737
-184 -443 423
-996 490 71
-16 -770 -530
859 150 -670
966 -717 -62
382 324 527
881 -313 -246
-741 -228 675
-537 134 -236
-229 -964 91
135 -28 -910
135 668 817
-406 -772 -481
-483 -484 804
788 -289 -775
-623 514 -9
-673 132 732
503 -141 973
823 679 -52
-345 -960 840
0 875 862
679 174 -271
-757 903 267
-364 74 371
665 465 -116
-569 -123 -223
342 -284 264
421 831 579
-597 683 -797
-268 -108 92
302 -891 -304
-184 725 483
55 683 -560
344 925 340
-686 530 60
258 -161 -473
-882 -953 733
-83 -292 257
88 -147 968
-508 909 -270
-192 -363 561
-765 -164 -755
-621 106 -103
967 -470 -432
-241 265 -373
484 -233 801
508 -608 158
-285 521 -57
316 486 -506
822 510 -244
-218 393 148
603 65 -369
-753 -882 -125
-392 226 -117
735 624 -254
68 -568 -825
-334 -286 159
-71 -62 -479
-248 516 -847
896 -33 264
108 -644 -365
423 90 -794
227 -7 -19
-618 282 -125
859 -275 -519
441 -575 649
97 829 584
882 364 551
248 531 -543
-109 -531 -182
571 -297 -669
-326 102 -858
-96 -79 -965
-162 600 674
-845 -336 342
-276 893 -972
466 -296 697
-986 147 -249
-811 -734 303
987 -966 923
-785 -364 -720
-748 532 -430
335 -562 -635
943 -72 972
964 -440 -923
850 384 -147
-984 474 948
-944 -911 -10
287 153 -613
458 -947 628
-826 -214 920
[RUN #67 3 100]
298 241 -712
850 -199 -770
-426 -787 639
214 -699 26
276 512 -866
-862 899 758
-80 88 433
-96 -149 -217
202 -557 709
-847 202 11
-366 -294 638
-84 278 -769
-220 -427 103
-779 -75 -211
-614 -56 865
152 -168 481
-409 -133 818
189 551 771
-578 70 -146
265 59 -139
-114 -936 -688
927 672 -3
-387 558 -571
845 522 -182
508 129 -421
698 -678 -615
-899 -888 716
248 -284 -300
-513 939 -41
-43 -320 -378
130 -301 474
-978 -777 702
308 -163 -264
846 610 -783
942 -531 -979
249 346 229
-244 854 -99
996 -148 96
156 43 -532
-80 -849 704
-783 464 706
-798 -133 618
473 89 -543
-624 -370 -309
95 -752 948
-259 -733 209
164 -244 -539
-630 -28 481
885 -298 -765
-926 -672 690
-921 -723 -865
78 57 268
-214 -688 519
847 -780 662
-255 -601 241
579 759 -337
-985 -96 -587
-789 237 -618
466 -446 -849
286 -303 32
505 -154 -275
-943 380 593
-493 -191 -307
-598 -551 -340
-119 -118 174
755 474 617
-655 -246 802
793 7 -706
-582 -848 906
700 308 916
-984 901 169
-645 -503 333
436 29 -781
721 941 697
140 490 19
39 -812 -902
159 -324 -412
-809 822 -201
-629 910 -213
328 -712 -145
-950 964 -315
556 406 320
112 439 808
76 -848 -238
-264 196 493
-390 -953 -903
-707 42 898
725 -157 856
167 -481 -644
-831 68 994
815 -486 -813
925 848 518
-446 -447 695
-939 508 -887
-550 -998 -233
602 -146 917
-142 632 -454
530 -414 41
-204 749 57
-919 -931 728
[RUN #68 5 100]
536 -713 -434 182 36
755 -595 -432 657 798
-818 -419 356 669 -534
293 843 515 871 943
321 428 496 860 648
-177 -873 -210 677 -857
-346 -255 263 -27 -817
210 257 -162 980 -989
165 966 -563 -863 670
-451 -793 147 -975 -784
-861 -256 743 -370 -820
-308 98 789 -670 -637
-38 -63 -962 -587 93
686 651 979 467 614
-837 -756 232 -942 -955
236 679 -882 -244 495
-838 463 -944 -500 -204
-236 -654 566 -732 -229
-310 533 840 652 -224
610 437 -617 598 943
382 818 -966 -756 -397
-475 -235 -686 512 -131
2 -490 943 -481 227
-210 103 -300 -841 50
-491 135 411 -809 -994
-215 500 -401 73 342
-658 865 493 -534 640
359 686 437 581 731
807 -168 926 -166 -577
-520 169 505 -612 828
-707 -849 -761 543 817
896 -578 783 760 -148
898 -602 138 964 -124
488 422 493 729 314
60 -524 -877 -600 -184
-832 628 170 627 -43
340 -39 -162 -273 388
-506 333 313 283 240
161 -840 441 170 -84
-453 -63 -880 -368 265
755 -124 678 -319 713
-317 170 280 -654 520
19 842 -235 821 -851
-671 490 97 -582 449
531 -839 791 746 585
26 686 -730 -886 -743
139 -605 690 -261 -420
444 629 -892 -640 83
401 190 -784 -259 -755
497 295 75 -66 -166
678 430 676 -372 -135
-958 -632 -247 -535 -654
-49 -987 -716 738 429
301 754 110 -548 59
71 568 -744 531 -506
70 -368 -526 -206 776
-39 355 -566 -672 451
916 380 -436 -811 -330
-297 -886 -443 158 -522
518 -541 1 -622 -653
761 -682 506 895 -437
790 -236 -916 -621 -421
235 -468 -923 -404 110
23 786 356 30 753
442 754 528 -928 458
944 69 -328 869 569
-251 626 728 790 472
-76 823 -970 -559 729
600 -24 -567 855 -735
-892 -687 826 427 -369
523 -553 -384 896 -892
-94 -720 -772 132 -785
-703 980 -443 517 -21
89 794 -811 -931 -276
-471 -524 -489 -536 676
-45 -691 12 363 706
-323 -964 486 -400 -870
709 219 302 918 594
-51 -304 -445 -994 -273
219 -4 629 38 594
441 -673 -969 192 -524
-848 -300 -192 606 -401
783 84 810 970 14
-129 -71 249 -6 609
-940 -368 -232 -190 926
-362 937 -167 -651 761
495 103 -863 414 216
912 -869 -280 975 964
-563 133 -903 -313 -641
-709 187 721 -973 -778
51 -71 -974 785 555
-551 -307 818 974 146
-516 408 490 601 540
545 401 415 -753 839
-144 -844 673 180 622
-301 -84 422 -429 -542
-568 -272 843 -406 -844
-648 503 -838 732 -554
-18 394 -442 143 -405
976 907 -988 -862 -330
[RUN #69 4 100]
771 532 -272 -909
-792 -276 -474 -520
386 -597 337 391
48 825 -271 922
-356 715 348 -407
-475 -596 -773 225
859 -430 352 54
968 -489 461 -747
680 -565 -943 -810
144 -793 242 14
-281 -740 447 -420
-553 998 -441 304
621 -208 113 -636
377 186 -973 -99
716 629 -662 308
-901 339 -13 -670
814 267 586 -987
-761 990 -404 394
-101 234 640 726
-137 970 -584 927
980 -757 358 -925
-897 -703 852 137
-886 -698 32 23
-362 621 -121 342
245 -23 187 420
-669 -827 268 760
997 -999 945 940
394 129 -923 869
338 333 386 975
-645 799 622 900
-77 -145 201 127
-771 881 -795 -770
-319 158 136 -189
-221 -481 500 87
409 -858 364 417
467 678 0 -729
403 415 914 -884
-4 239 -926 920
-500 -200 520 -360
635 -121 31 339
90 132 -412 35
7 -32 949 559
-509 -527 235 -916
-441 -911 733 -146
761 921 -399 -955
807 845 -218 8
157 170 94 604
206 721 943 -773
-114 58 732 74
707 834 946 -464
-230 447 -384 561
95 -250 727 238
146 199 -807 445
179 -99 342 275
827 -418 268 561
-763 -878 -211 -18
766 697 472 -103
-713 442 -366 -992
151 276 21 873
576 -871 842 -643
-277 -354 -892 629
-961 -764 420 -385
-313 -348 515 856
558 -426 -237 -34
684 365 354 191
-471 -761 64 643
-733 -146 474 649
-129 161 158 303
436 -731 792 -533
735 -846 369 -757
-686 544 -844 -694
412 -488 742 763
-943 -88 -168 206
-853 -882 -269 -532
-307 -888 -841 -152
109 619 854 823
952 376 739 -321
610 938 634 -112
-518 988 748 -532
435 -395 -238 691
-318 -794 -850 464
819 975 51 -450
766 860 440 -294
54 486 -427 -314
374 -973 -295 -76
-676 -19 383 47
-647 -723 -258 -671
-883 -579 -797 -412
216 -443 -671 737
21 937 -662 -962
811 507 862 737
15 22 -231 125
-901 -828 -720 -407
880 995 783 927
917 -386 -147 -81
-504 371 -165 250
-924 -850 -271 -169
673 61 54 834
-919 -163 -764 -347
918 -946 -61 -825
[RUN #70 3 100]
-810 380 -31
-451 -555 -295
-265 -567 855
-789 456 359
247 352 -453
-460 -141 501
458 620 764
763 968 -473
179 341 383
619 328 -102
101 906 -988
763 -922 -441
-327 -96 110
259 -597 592
-618 183 481
-791 -292 -218
-808 789 44
603 -915 -403
361 -915 -187
150 609 130
-420 29 561
76 938 878
-659 374 912
-141 -410 -117
668 -727 -388
227 -348 930
-549 229 850
-422 289 -792
-962 265 -652
349 417 -657
728 278 931
-618 -94 -88
639 402 -92
-393 249 -165
-725 -330 -681
-225 486 317
-736 192 641
-516 652 137
-255 -34 -782
225 926 -262
-661 -388 -145
-96 -571 -484
947 -787 -2
-443 -499 638
-794 285 273
375 -820 -614
-111 -350 -560
-128 520 -569
-213 -245 -318
835 -90 -592
460 259 -173
-268 178 -888
-833 451 -930
-369 -107 494
272 -726 541
527 -591 281
772 -443 945
-36 -288 465
431 -349 -751
-491 908 495
447 394 781
161 797 889
862 591 747
-561 -354 -945
491 -95 52
-10 -925 -851
260 11 195
-138 -399 873
-772 -368 230
-255 -102 623
-221 372 -849
973 -679 -433
138 105 -301
-696 591 -1000
-761 -847 -468
-59 -161 693
726 -384 -282
-828 808 259
-275 112 -624
651 492 746
3 -574 -193
268 -337 440
358 -240 -898
142 405 -247
-892 332 915
-760 706 -864
-539 357 67
135 -637 -673
-79 -983 129
702 653 746
800 -922 -266
-53 353 486
-123 338 -79
114 -530 918
353 297 223
-18 982 -331
-821 803 -522
850 993 -571
-436 -399 -477
-152 -214 600
[RUN #71 4 100]
513 719 -956 340
-503 -435 749 -838
-505 -922 -258 344
535 -548 941 446
-640 -109 62 791
639 -143 248 489
265 -139 -308 335
-325 -387 -958 -548
575 -608 954 511
-238 105 529 116
214 -564 -960 -928
-500 106 592 904
291 -681 -305 987
-968 -397 -264 502
-576 825 118 896
599 -535 75 846
-134 210 -253 -39
-454 -970 -625 -100
-671 -849 -83 964
-707 -856 167 -990
763 343 115 -50
749 -145 -326 874
-120 -495 -154 -244
654 839 422 -158
624 443 -502 144
113 -680 -151 -678
29 -865 -293 -44
-875 79 -280 706
-308 703 289 765
-803 627 -143 -759
378 -668 866 186
412 -891 202 -743
772 -57 -704 -927
-116 -366 680 723
401 276 253 -937
938 540 418 643
-358 796 562 -751
381 -445 117 725
-633 -609 -561 -529
[RUN #72 4 100]
-996 -226 421 -119
-688 268 259 882
471 -263 -979 -168
922 -309 -760 -51
-970 -977 -374 623
-746 272 -27 -789
-520 -738 -672 -871
-861 -32 830 505
788 310 -417 -43
382 -676 487 -265
79 400 288 -56
-645 -783 3 -833
539 735 -159 -191
-347 459 67 -355
-833 503 880 524
845 786 361 226
283 -20 173 933
-331 -340 -709 -285
-875 -44 -434 449
386 691 984 -474
946 693 638 -526
139 -206 885 -886
505 975 -892 404
124 53 371 745
-638 -661 491 322
115 413 859 70
-190 -785 111 348
562 954 688 104
131 -95 -346 -140
202 14 475 -104
-240 127 -290 638
314 617 -455 -942
-759 -886 319 712
-243 709 -746 -453
293 -322 553 -896
574 194 -768 525
-476 743 25 584
-835 119 -366 898
-665 -793 909 802
195 64 602 323
-546 959 677 -201
840 649 641 347
713 736 777 -123
-566 -960 -761 -487
-27 29 840 778
-646 852 -460 255
-920 86 650 -842
-90 -654 981 185
-636 -71 781 520
-204 -492 -112 725
667 -453 715 814
671 371 793 411
494 439 -90 363
-823 -241 103 -784
445 660 233 890
388 -845 226 -32
-601 -325 -305 -209
-904 -314 -324 -467
-765 482 -497 338
-587 613 981 -14
-326 -271 826 900
-915 222 371 -817
266 769 -352 -741
672 -793 -677 -556
-643 275 -858 -299
-757 279 718 -915
29 -88 613 696
-454 -331 -626 311
-524 -16 -498 204
-832 306 292 851
166 187 -841 -815
996 931 -176 -606
-212 124 220 -854
929 633 634 564
564 741 -163 -170
-540 429 716 -892
57 -806 -830 209
486 -665 -34 332
-958 959 408 129
36 -962 -953 735
366 545 787 10
726 -793 204 679
-570 -704 423 350
-355 -244 679 -539
-794 60 264 236
-255 0 -541 -799
359 -459 -152 -886
-352 -312 355 188
735 -347 711 661
678 -316 482 -401
406 36 308 -179
-675 98 681 -914
637 -156 -329 -13
606 800 231 -69
-396 -95 893 814
-440 -541 475 -415
-230 83 26 403
481 712 -517 817
688 -495 712 682
-255 818 39 -742
[RUN #73 5 100]
-984 -228 354 434 375
660 -655 340 176 -155
-63 394 432 486 781
-582 -845 1 -996 878
-771 613 929 -665 533
-150 992 391 264 100
-396 81 612 507 -160
957 760 678 86 -947
-37 679 399 480 113
-686 216 -207 -933 267
974 -410 396 -770 251
-94 67 128 -856 -671
706 274 166 247 580
857 -148 290 682 592
-491 18 513 255 -134
239 -611 552 179 38
354 -253 -438 -697 851
-647 639 316 -457 378
-751 746 461 -804 689
-488 969 742 -349 -147
146 417 -27 510 622
994 646 831 752 -754
-63 -459 -847 -253 -19
183 -130 9 773 158
-732 304 -98 518 -473
208 -314 4 440 -461
120 -803 -70 -292 765
-706 -608 -367 -273 -786
648 584 79 -380 -221
-992 200 -267 507 -352
737 789 -367 -404 904
-747 -553 -319 -748 156
-492 728 -767 -775 -748
-926 -696 -988 -564 -225
405 906 570 249 168
-282 -216 785 103 468
278 19 214 -836 -509
-196 91 -652 442 394
327 841 345 388 148
-703 274 -342 7 234
744 669 -220 -720 371
780 -722 798 -375 -496
237 227 406 -775 666
57 -238 -570 -736 827
132 81 -586 -974 356
546 561 500 804 -920
-203 -346 -1 -80 -598
15 -461 -494 130 -776
-680 42 180 -979 497
716 -61 701 -129 633
434 49 733 459 188
-979 -612 855 -699 886
-899 -174 614 -412 -957
-536 -272 -40 923 626
1 255 -757 658 912
272 600 -901 730 579
348 -920 -939 -363 -277
-947 702 512 -498 -726
811 -787 -38 113 111
-561 -361 73 -986 44
172 330 947 -310 729
748 924 753 277 342
923 296 -759 117 343
271 -934 -755 422 502
472 468 697 183 -951
-90 961 -634 607 252
-124 -503 -367 -988 -212
-315 18 800 -823 -146
-608 -810 569 -986 -549
-987 -429 971 -875 -9
374 93 643 -866 -396
-512 950 988 -816 -648
40 617 655 -94 -561
-928 527 997 955 -746
729 -28 582 127 -252
411 -19 -867 -31 812
-892 582 -331 -684 990
-149 387 -450 -853 -133
570 -792 253 -349 556
848 674 249 -695 184
163 -56 782 -769 -293
-319 172 -717 -303 -224
824 873 -733 -369 -317
708 -970 943 731 -854
32 -497 0 524 -645
-215 -923 -291 -667 -71
-557 126 -293 549 933
-886 164 -605 -135 545
-438 -246 528 -203 -330
200 735 -85 -222 -465
-838 531 -633 -426 -721
99 -950 -840 -656 13
-906 717 724 -995 802
-270 72 -831 -176 111
577 213 -846 -729 264
-350 264 -305 60 508
-131 -470 608 327 -302
571 29 157 787 767
512 882 363 253 605
-668 497 442 -583 524
[RUN #74 3 100]
-285 240 -356
-440 61 273
-52 744 292
-634 638 -522
678 -805 -932
114 -40 -745
-536 -589 -476
-147 219 510
384 827 -19
-228 823 -6
662 -118 -925
135 -793 -523
842 -744 95
353 956 -539
950 -316 751
-112 47 292
-384 -482 923
824 149 -839
894 -200 869
974 754 627
212 255 -172
-744 -717 -146
-52 714 212
80 -2 536
-343 -204 141
234 971 721
-793 -866 139
474 667 668
-835 473 -686
799 18 -31
-938 817 911
727 589 249
592 354 -540
-984 -196 -287
195 79 940
-612 35 385
280 -455 443
-126 933 -640
-580 -509 -756
884 -904 87
864 -160 364
-836 542 4
-872 399 546
-851 885 -828
456 987 -945
284 925 984
-552 -564 122
432 348 794
-809 -489 885
371 -915 -88
624 104 -964
-114 -42 -879
26 19 156
57 -442 -469
658 736 -328
-762 -282 952
77 -264 -322
-327 -537 4
592 -936 -12
685 -472 97
211 451 -980
-10 -137 -11
334 -476 -709
861 120 -786
-268 -751 -655
621 215 137
123 393 -189
-754 -774 -542
482 -31 932
275 -191 -916
899 -761 171
423 255 -519
470 -586 742
-235 612 68
386 -299 417
897 112 84
618 -346 73
-927 969 66
-170 -61 349
545 -43 -220
-355 -501 191
513 700 373
-786 766 481
263 -534 -924
-825 -784 513
-454 -478 -265
83 277 -225
-960 -302 852
-625 85 -200
371 39 523
-152 977 -26
620 321 895
-479 -303 -206
-873 -516 458
347 -585 -284
418 834 618
234 -1 -948
627 -584 -486
-513 328 -985
814 -13 731
[RUN #75 3 100]
760 -464 -245
-615 -230 -497
-334 -595 -661
-823 767 41
-982 -477 974
847 -886 -991
-231 -160 820
-214 139 948
27 2 -346
-557 966 468
851 -439 -356
287 54 522
-82 637 363
14 37 -905
-233 309 -799
380 921 -317
63 -889 232
581 -841 335
-720 189 -672
827 -43 826
-504 540 179
-86 43 110
477 -170 -268
-877 449 -788
-56 227 641
416 -422 789
-803 -916 -840
625 -300 -591
498 819 -815
282 -316 492
812 980 -664
-27 -392 967
277 -33 -473
-282 -577 477
-208 -224 634
-887 614 361
-700 -503 579
-53 -588 -810
-747 973 -406
388 943 449
-633 388 -216
997 -961 -483
-904 968 -561
-267 185 -48
570 210 659
-990 -589 546
627 -257 -260
681 68 -952
-799 -153 -439
-975 112 -286
297 -444 971
947 -514 198
-902 -953 -217
408 -50 -569
498 -794 -803
-636 857 19
459 -347 -830
-655 798 475
-773 967 -259
643 757 914
674 426 638
-280 -602 -489
-75 -119 -287
528 -450 305
-489 -244 -665
-104 -639 592
936 849 790
-523 830 840
-760 -584 348
-810 -253 85
5 -110 642
957 -681 -915
31 906 834
-418 334 104
-919 291 446
-398 669 -111
37 920 807
611 126 -478
327 -145 142
761 -749 864
-657 -930 559
-952 -812 305
873 937 736
907 -922 748
-369 752 -633
212 -397 -645
-21 -79 869
-136 -307 -65
705 -473 -636
-348 192 586
-335 291 -788
29 -109 936
667 -469 849
-908 -242 559
849 -5 -41
420 479 -623
701 702 234
-772 -560 550
532 -481 -123
-278 210 829
[RUN #76 5 100]
-878 309 -852 -690 537
-700 -307 527 110 611
-55 -738 13 -505 861
-756 -429 649 -683 219
179 -751 -444 -99 -800
903 556 -608 894 100
986 334 509 -93 478
-466 -623 -327 530 -270
96 -973 675 -550 -30
-528 -705 -194 -862 -155
83 295 -397 -704 -306
-753 -455 610 -385 -203
-178 853 60 987 -398
80 997 222 676 931
283 543 -469 -512 803
-812 125 -86 65 836
173 -136 -12 698 163
226 -671 434 394 -614
10 -295 -376 -88 575
-245 581 -560 -32 -1000
666 429 -645 -21 412
-898 -548 -590 81 -96
-909 -878 -296 824 286
-69 -574 70 893 730
692 -828 756 -70 522
-563 989 673 -479 -631
111 -758 -551 -197 -853
-233 -902 358 456 -603
-598 632 -841 -412 -440
895 921 662 816 -138
-227 672 673 53 -871
407 -534 -404 -456 -240
-238 -145 258 -915 -33
14 -504 982 526 75
-471 -786 -751 135 655
-535 -433 -106 667 106
3 121 661 -250 -337
19 -378 -798 678 -829
-939 -371 640 -992 -49
226 -384 749 -579 -833
-155 579 29 825 -123
291 545 -404 274 -488
-150 94 -328 809 -255
-17 -570 -855 -934 -856
-752 -916 398 749 -641
-115 -743 111 -951 745
-770 684 -182 -550 920
-117 -303 478 456 839
265 -955 -726 -968 -378
396 892 -340 88 -453
-875 41 585 -815 -692
-644 752 869 -84 372
-918 -699 173 318 609
-477 -649 173 -832 -341
506 -690 -792 -407 500
-495 -636 -226 -753 157
809 389 -796 75 -171
-935 -44 -923 300 388
-208 -905 -28 -987 -634
-743 361 2 497 97
298 448 803 -875 -460
305 704 593 -476 630
-43 -873 719 -179 -75
-710 -113 -323 955 -247
16 722 -902 209 617
-90 455 457 526 172
328 766 765 -239 -121
-608 -131 884 -813 424
829 630 587 -266 -966
719 662 -685 41 899
-988 -397 60 668 47
-45 -249 -671 408 849
328 546 372 -137 -819
935 -701 513 701 566
-762 -584 170 813 -306
336 -988 784 -687 562
519 -544 -851 636 -714
-285 185 -179 464 791
195 651 -113 -204 136
-823 508 -294 -71 -480
822 85 793 -972 977
-241 773 83 -64 -458
671 -516 -696 644 -764
-360 -243 -993 -87 -976
423 -445 -944 624 819
-117 -433 -321 -201 -578
536 828 314 -58 -866
237 71 -405 -467 -632
-625 555 790 -353 467
-643 40 -983 -102 -837
-487 -423 -128 -102 580
-18 -431 723 473 -631
457 397 -273 836 -330
-539 -942 846 270 502
-743 -179 71 155 852
-427 404 123 996 -385
-840 693 134 574 219
36 -173 770 -782 -32
-504 584 681 -672 813
-623 665 159 -776 473
[RUN #77 5 100]
801 -256 -342 -199 606
-36 364 -772 567 999
782 -658 806 -595 -917
792 667 -796 953 556
-491 113 265 -784 504
367 -553 616 -763 883
-945 562 -208 786 393
-190 -838 111 699 620
-36 806 -557 -644 -540
140 687 -796 -947 -99
96 530 -378 580 128
-823 -356 440 -192 -939
618 969 -768 -224 582
393 -717 -155 -63 735
284 -760 272 -893 416
467 -280 945 497 -577
-373 -345 572 57 600
-581 -192 -83 -111 412
718 982 -691 -384 174
-887 767 -585 -398 297
-667 957 -163 574 22
-887 -904 -988 965 634
-581 480 67 528 14
-129 -988 -718 -89 -895
-465 126 -274 -78 288
150 610 -439 -527 -351
-926 -216 115 -461 689
-478 306 -267 -466 886
-902 -470 -726 -293 955
-467 675 364 815 -260
-451 -151 -456 -199 896
473 204 -843 617 257
-949 928 -752 -397 95
-893 135 942 -836 -785
766 941 76 -744 -344
-813 -978 -775 -684 -119
-246 900 -580 156 878
825 -197 523 656 488
-170 -119 707 525 -205
-405 947 764 403 907
594 633 70 -375 581
200 -527 260 861 365
-325 -656 -990 700 596
315 729 814 410 647
-418 390 926 87 890
-750 562 948 612 626
14 -93 665 -589 -294
-743 339 -487 -197 -848
-680 -466 -202 -936 -999
-295 -100 362 512 815
-124 662 -996 -363 748
-766 -131 791 32 244
714 -635 -29 999 -977
-863 -196 575 -282 -945
513 45 511 106 -82
-195 -813 412 -843 565
-7 -290 779 -840 713
294 -118 372 -734 -871
-730 -940 -320 472 -650
865 954 92 160 669
525 902 -918 270 -876
763 -363 -390 913 156
-333 647 -189 -545 -567
-276 769 306 227 866
925 902 -148 420 727
805 105 98 873 760
815 -552 -787 -905 -153
397 -609 795 959 390
910 -849 -192 -248 461
155 904 418 -51 -533
294 812 967 136 980
-657 -283 458 497 298
314 -182 395 279 -468
626 433 -579 959 400
914 555 -493 -691 -234
-787 224 658 -468 -670
174 440 275 -29 -500
-712 913 -432 -73 -877
-80 372 -497 -448 874
937 -528 93 -118 390
-986 52 -659 891 567
26 -826 -38 -654 -813
-167 57 -631 412 -714
57 -882 267 269 523
236 -222 320 -823 -734
-659 -127 855 770 532
-173 -217 -195 189 -666
784 -442 -781 -515 -8
528 884 933 310 483
-921 852 178 946 -308
-45 -643 -420 -48 -642
-265 -377 181 660 292
226 -814 163 65 -922
972 499 535 884 458
725 292 -19 -566 639
-411 621 198 650 60
911 864 359 443 410
259 404 -730 -819 256
-175 -99 260 849 -567
-754 369 -842 322 -817
[RUN #78 4 100]
764 -799 -41 -716
-747 230 588 -380
621 292 -729 954
166 -605 -604 750
-884 41 -245 638
441 -958 272 873
-37 -530 -539 380
-499 613 -163 -966
180 918 -886 -939
-521 904 522 231
-919 -432 131 -936
594 -695 891 -366
331 -218 -33 753
-765 514 -758 314
422 204 -795 -306
-53 853 -75 -883
-249 -971 727 -148
-230 748 858 832
638 -988 211 109
-487 -805 -202 -495
-590 749 -951 -16
128 921 498 776
866 -30 5 -177
-255 154 727 -252
-76 -974 -764 404
-140 -655 -398 433
-429 727 766 -557
-757 -468 -963 293
-649 937 -772 874
-859 934 -681 -238
-814 -363 -520 -527
-924 595 -361 -1000
-731 -866 -31 88
95 821 825 -89
978 89 -254 84
727 824 -509 599
-889 924 -53 694
93 -967 -990 -136
243 -168 -974 970
114 338 235 -203
2 -991 861 -361
-109 236 -20 600
-455 -83 641 969
908 293 -243 -844
-461 825 672 -856
528 -824 -31 852
305 558 962 -379
645 391 -836 401
272 886 565 -856
545 -731 -935 307
821 -330 -505 -868
821 609 -618 1
-825 127 -838 -215
612 -516 -228 -133
-136 637 450 -798
637 -968 296 -253
845 394 242 220
793 -417 785 -294
-253 807 -611 -158
295 57 702 -787
-421 999 -274 717
598 855 30 -60
707 285 688 239
232 711 440 -336
532 -228 -930 351
-902 -848 20 190
877 279 655 684
-203 -160 -435 -386
-650 568 488 392
-223 -376 -230 -788
426 560 -104 551
-525 125 -53 -64
537 -951 -297 318
573 -369 304 -775
-199 943 381 -29
-753 -164 -52 -429
849 991 -500 -161
-995 -455 101 449
971 743 601 -213
-380 -809 539 -842
409 -111 956 544
648 -525 212 -696
986 -344 -832 960
-833 186 166 406
-975 780 680 -912
-246 -344 -374 156
-520 121 -999 172
-926 -893 -801 -2
-685 12 -452 604
400 -924 476 -441
214 -497 908 848
-851 -661 818 -407
691 -418 697 -119
573 61 -483 767
-320 894 -221 508
-681 570 518 -93
185 -361 -866 596
14 -405 -627 -54
868 -645 -173 -908
512 -361 -247 105
[RUN #79 3 100]
-456 -906 368
-481 73 231
552 -799 -572
-997 847 -574
-557 -125 -173
-327 463 152
760 486 -307
494 53 219
985 540 714
214 -13 660
644 -296 -335
-710 -926 889
-826 -580 40
28 807 -551
-524 -84 831
-286 -544 -955
912 676 -185
-301 794 -129
470 988 -481
822 956 -750
-663 572 80
-978 978 49
493 -811 -281
-589 761 -116
-578 -615 -678
-280 754 -720
868 552 -941
-803 -136 -371
-187 410 -919
-8 -803 467
-538 495 332
833 -517 702
-957 -450 134
911 -346 -505
-604 -683 -738
497 858 341
91 -425 682
565 -258 263
-487 672 854
-398 -194 -605
-394 -818 483
-849 871 324
257 -4 916
-360 125 771
-551 -156 111
-392 732 -630
-680 602 -133
771 -320 -485
338 -290 897
-11 982 -328
833 461 -407
443 -729 -927
226 80 -268
417 657 26
-587 194 55
280 765 459
-209 -948 670
858 -337 -780
950 127 474
35 345 903
-62 -153 197
877 -492 -113
-54 -46 -874
-881 -951 -624
578 -481 -648
99 659 -836
-619 868 -61
-707 -131 -236
736 624 -774
676 485 85
-137 309 975
-581 -376 -529
-514 -261 -412
140 -912 -178
296 -616 934
199 533 15
-333 357 255
-935 -397 328
665 -133 672
-855 -477 454
894 -342 841
430 -103 284
-796 -107 320
522 928 436
-258 -186 320
-346 813 -497
188 -515 728
207 -119 -446
282 922 22
187 -390 -895
994 799 -256
534 773 650
804 41 835
19 -86 255
-509 -123 57
-65 -483 -826
-502 -370 -578
-320 -621 78
-222 175 -815
138 -282 -380
[RUN #80 3 100]
962 -751 466
903 410 901
-181 227 -71
423 478 -843
-391 -646 -585
-396 312 -571
96 -542 499
-22 -797 -828
808 993 459
450 -470 1
-127 141 -139
-1 -431 681
845 103 -800
766 -287 35
-905 552 373
793 -395 -505
200 361 -849
-932 963 -371
-621 -231 379
-518 -262 -390
-163 -815 732
-144 -514 -70
-524 388 -212
466 -154 -190
-407 34 -773
113 53 -527
795 -726 -317
-843 -807 -585
-277 -7 -526
481 -296 -91
-641 -622 -915
-54 -787 -906
884 802 727
742 -236 -119
-197 -119 -630
-529 -264 -48
87 -491 265
866 61 -968
857 835 -825
-956 -676 371
180 -392 918
706 -683 443
-176 -226 722
961 -116 353
455 -823 -547
-96 -461 -603
839 157 -258
625 784 -32
-611 -330 -83
1 421 -23
273 -990 -631
68 -130 -379
-208 485 798
-789 -14 62
104 451 -930
603 -823 -947
502 -24 282
-573 598 -122
-973 651 -939
312 -265 579
231 -928 796
-934 -358 -783
-883 173 -69
-700 -909 846
390 -993 269
-616 -523 483
-392 394 149
-789 -169 -957
115 -24 538
52 -194 -311
-101 620 -468
-190 261 -502
221 -812 711
768 -304 -290
103 -865 -90
-433 -521 -593
-185 738 -901
667 350 -413
978 381 -392
220 -707 -209
-532 -994 803
-181 685 -86
-468 587 75
693 39 -25
-595 642 -832
536 -963 -751
-109 -271 49
-709 482 -766
-551 -844 -339
404 -812 -146
-576 -910 -855
-533 -26 495
-498 -444 -278
-447 -670 411
211 141 -37
-476 293 -1
438 384 -271
-470 -506 -357
700 856 -862
42 122 77
[RUN #81 5 100]
19 -461 473 546 -345
-494 -755 -648 62 970
-136 -104 786 -167 -178
968 718 780 207 -166
-48 -997 -520 -203 -873
284 -739 -782 906 -180
-825 -838 -960 -937 -569
137 -649 585 950 -163
724 766 -864 -175 -944
444 -211 215 -749 578
16 151 -989 -11 604
500 -85 469 -169 384
99 -821 128 -271 -64
780 904 -612 974 457
910 352 190 -234 914
-673 660 -387 290 734
-454 -61 27 361 372
-790 -830 -414 535 478
650 -44 -25 -546 -648
-284 698 959 679 370
-302 -570 -277 -257 247
-33 120 986 509 679
179 400 427 76 -446
-794 454 641 891 557
877 -86 -574 633 400
954 819 812 784 149
51 866 -970 711 -791
-264 710 -357 -860 721
289 477 -802 200 246
-874 -20 92 -342 -414
300 591 271 -886 -707
-42 327 371 -311 -593
64 -664 203 -892 -176
-514 795 -918 238 842
521 583 -395 -56 -306
140 -988 -69 830 247
-325 162 940 807 276
-301 86 -616 432 -292
-170 -836 183 665 -36
175 -142 835 -357 -107
-650 215 594 -768 429
-209 527 827 850 302
489 -921 -731 -69 117
-579 162 -215 -799 -691
115 -477 59 -746 407
-385 -468 842 740 -645
785 -779 979 -888 -49
726 180 -380 80 477
149 647 -732 918 -163
-436 307 268 638 -654
906 129 -267 28 -774
-778 160 201 793 -160
-225 160 476 -278 -750
-614 414 -77 -338 548
-767 -109 -394 -196 718
128 -930 974 136 129
-261 948 -728 725 -848
-200 132 -955 -664 330
189 139 -411 -818 122
279 135 815 326 -566
569 -896 -771 220 78
-606 -188 469 -373 987
477 -480 -804 263 264
-11 -790 -734 574 -33
-27 -22 554 660 257
478 16 807 -535 -956
772 940 -551 -411 -99
-384 -184 999 -818 819
-867 -81 87 -773 -914
43 -872 652 482 -487
919 -668 25 631 53
-744 211 -442 330 -797
127 712 718 -853 -962
657 -258 -275 637 940
640 -248 325 14 -95
-374 -803 112 -431 625
-701 552 203 254 -776
975 196 20 929 -681
-100 -178 20 -914 -681
-663 265 937 656 528
-79 384 -676 549 229
517 -981 50 -733 -841
575 -233 -450 163 770
-195 -722 -761 -380 -326
-859 516 728 -393 414
835 -917 876 -734 175
-706 551 -744 824 -108
-938 325 -491 -274 193
406 -419 734 -989 -364
238 752 -85 161 214
976 -652 224 302 -472
-795 -855 -47 485 -26
746 506 767 -996 -892
-399 -470 -867 -959 -992
14 728 -200 -817 -873
26 -475 802 200 -852
-884 348 620 -806 82
15 616 -829 488 -499
-993 -292 -927 801 435
-202 884 195 -543 682
[RUN #82 4 100]
206 -85 411 127
-306 -546 512 -272
-609 417 148 799
-418 305 641 -158
-379 374 -297 55
102 -656 -99 -227
-351 904 -968 987
-746 -653 -157 983
233 -886 583 -596
604 -862 -942 51
688 -670 550 -884
715 503 -798 24
516 869 571 121
-153 -51 945 410
-323 776 106 923
-633 624 617 -470
-744 92 748 767
-18 599 596 775
-758 153 523 665
-757 562 -575 -686
-358 -135 -880 520
-903 -564 -860 646
932 945 -499 -705
-363 217 914 -80
-709 -507 591 -188
468 -865 145 -746
-782 531 156 -807
161 706 420 -410
149 788 -472 -517
681 635 -526 777
536 162 513 982
-917 0 -474 -756
798 269 -988 948
90 466 515 334
-617 -441 -126 -837
-542 -179 -647 -869
990 227 -200 -536
235 701 -782 -539
770 209 357 335
-502 433 -448 -417
-685 -710 -947 415
-65 997 791 -734
339 691 819 -185
-946 105 833 -335
539 -828 -42 -153
493 -995 -160 -618
154 957 20 30
-444 305 241 -321
-136 -779 665 -98
590 412 -492 -24
891 318 -684 870
-809 -139 175 -620
-638 -149 195 -446
-5 952 225 309
184 30 -816 -925
919 835 -753 -819
467 246 554 -269
-270 -379 966 42
-762 447 815 828
-93 421 595 298
290 211 -833 754
-81 -4 -321 935
-567 -922 145 179
121 282 841 541
646 180 -597 -444
986 -544 569 -624
100 -161 -887 640
581 502 168 863
-444 478 525 -169
226 324 -316 -579
-58 708 211 -553
-890 -89 -961 668
-93 -437 140 -461
791 561 -198 -589
-462 -862 416 133
-393 -177 -134 -111
-275 -101 -712 982
903 -432 158 -974
193 243 -324 -469
-923 -774 907 -539
416 -601 -229 -512
-622 -863 -636 33
-905 -457 507 153
-524 -921 867 76
327 -294 -496 -84
-928 -566 743 -188
-572 810 -297 -520
314 -732 420 -26
163 643 -809 -705
791 -217 81 -529
356 -152 269 -162
761 597 -637 -403
-447 452 -244 -978
-526 753 -728 238
-9 -880 -27 -705
354 862 -226 -489
-726 -597 -38 -512
720 334 895 497
-581 721 -156 -223
380 594 347 784
